<?xml version="1.0" encoding="UTF-8"?>
<testsuite xmlns:xsi="http://www.w3.org/2001/XMLSchema-instance" xsi:noNamespaceSchemaLocation="https://maven.apache.org/surefire/maven-surefire-plugin/xsd/surefire-test-report-3.0.xsd" version="3.0" name="BookingServiceImplTest" time="1.784" tests="12" errors="0" skipped="0" failures="0">
  <properties>
[...]
</properties>
  <testcase name="finishRental_shouldReturnUpdatedBooking_whenBookingExists" classname="BookingServiceImplTest" time="1.627">
    <system-err><![CDATA[WARNING: A Java agent has been loaded dynamically (C:\Users\forgiven\.m2\repository\net\bytebuddy\byte-buddy-agent\1.14.19\byte-buddy-agent-1.14.19.jar)
WARNING: If a serviceability tool is in use, please run with -XX:+EnableDynamicAgentLoading to hide this warning
WARNING: If a serviceability tool is not in use, please run with -Djdk.instrument.traceUsage for more information
WARNING: Dynamic loading of agents will be disallowed by default in a future release
]]></system-err>
  </testcase>
  <testcase name="finishRental_shouldThrowException_whenBookingNotFound" classname="BookingServiceImplTest" time="0.012"/>
  <testcase name="historyByCar_shouldReturnEmptyList_whenNoBookings" classname="BookingServiceImplTest" time="0.009"/>
  <testcase name="canBook_shouldReturnTrue_whenNoOverlappingBookings" classname="BookingServiceImplTest" time="0.006"/>
  <testcase name="historyByUser_shouldReturnBookings_whenBookingsExist" classname="BookingServiceImplTest" time="0.004"/>
  <testcase name="findById_shouldReturnBooking_whenBookingExists" classname="BookingServiceImplTest" time="0.008"/>
  <testcase name="createBooking_shouldThrowException_whenCarIsNotAvailable" classname="BookingServiceImplTest" time="0.031"/>
  <testcase name="canBook_shouldReturnFalse_whenOverlappingBookingsExist" classname="BookingServiceImplTest" time="0.008"/>
  <testcase name="historyByUser_shouldReturnEmptyList_whenNoBookings" classname="BookingServiceImplTest" time="0.005"/>
  <testcase name="historyByCar_shouldReturnBookings_whenBookingsExist" classname="BookingServiceImplTest" time="0.004"/>
  <testcase name="confirmPayment_shouldThrowUnsupportedOperationException" classname="BookingServiceImplTest" time="0.005"/>
  <testcase name="findById_shouldThrowException_whenBookingNotFound" classname="BookingServiceImplTest" time="0.005"/>
</testsuite>