<?xml version="1.0" encoding="UTF-8"?>
<testsuite xmlns:xsi="http://www.w3.org/2001/XMLSchema-instance" xsi:noNamespaceSchemaLocation="https://maven.apache.org/surefire/maven-surefire-plugin/xsd/surefire-test-report-3.0.xsd" version="3.0" name="UserServiceTest" time="0.158" tests="6" errors="0" skipped="0" failures="0">
  <properties>
[...]
</properties>
  <testcase name="shouldSetUserInactiveOnDelete" classname="UserServiceTest" time="0.067"/>
  <testcase name="shouldUpdateUser" classname="UserServiceTest" time="0.013"/>
  <testcase name="shouldReturnOnlyActiveUsers" classname="UserServiceTest" time="0.04"/>
  <testcase name="shouldThrowWhenUserNotFound" classname="UserServiceTest" time="0.018"/>
  <testcase name="shouldReturnUserById" classname="UserServiceTest" time="0.004"/>
  <testcase name="shouldRegisterUserCorrectly" classname="UserServiceTest" time="0.008"/>
</testsuite>