<?xml version="1.0" encoding="UTF-8"?>
<testsuite xmlns:xsi="http://www.w3.org/2001/XMLSchema-instance" xsi:noNamespaceSchemaLocation="https://maven.apache.org/surefire/maven-surefire-plugin/xsd/surefire-test-report-3.0.xsd" version="3.0" name="CarServiceImplTest" time="1.161" tests="10" errors="0" skipped="0" failures="0">
  <properties>
[...]
</properties>
  <testcase name="create_shouldReturnSavedCar_withFreeStatus" classname="CarServiceImplTest" time="1.068">
    <system-err><![CDATA[WARNING: A Java agent has been loaded dynamically (C:\Users\forgiven\.m2\repository\net\bytebuddy\byte-buddy-agent\1.14.19\byte-buddy-agent-1.14.19.jar)
WARNING: If a serviceability tool is in use, please run with -XX:+EnableDynamicAgentLoading to hide this warning
WARNING: If a serviceability tool is not in use, please run with -Djdk.instrument.traceUsage for more information
WARNING: Dynamic loading of agents will be disallowed by default in a future release
]]></system-err>
  </testcase>
  <testcase name="listAll_shouldReturnEmptyList_whenNoCars" classname="CarServiceImplTest" time="0.006"/>
  <testcase name="getById_shouldThrowException_whenCarNotFound" classname="CarServiceImplTest" time="0.008"/>
  <testcase name="getById_shouldReturnCar_whenCarExists" classname="CarServiceImplTest" time="0.004"/>
  <testcase name="listAll_shouldReturnCars_whenCarsExist" classname="CarServiceImplTest" time="0.002"/>
  <testcase name="listAvailable_shouldReturnCars_whenAvailableCarsExist" classname="CarServiceImplTest" time="0.003"/>
  <testcase name="update_shouldThrowException_whenCarNotFound" classname="CarServiceImplTest" time="0.006"/>
  <testcase name="listAvailable_shouldReturnEmptyList_whenNoAvailableCars" classname="CarServiceImplTest" time="0.002"/>
  <testcase name="changeStatus_shouldReturnCarWithNewStatus_whenCarExists" classname="CarServiceImplTest" time="0.003"/>
  <testcase name="changeStatus_shouldThrowException_whenCarNotFound" classname="CarServiceImplTest" time="0.003"/>
</testsuite>